<?xml version="1.0" encoding="UTF-8"?>
<!-- Generated by org.testng.reporters.JUnitReportReporter -->
<testsuite skipped="0" hostname="Unni-PC" name="com.akBanking.testCases.TC_Logintest_001" tests="1" failures="0" timestamp="28 Jan 2022 14:44:33 GMT" time="3.985" errors="0">
  <testcase name="loginTest" time="3.985" classname="com.akBanking.testCases.TC_Logintest_001"/>
</testsuite> <!-- com.akBanking.testCases.TC_Logintest_001 -->
