<?xml version="1.0" encoding="UTF-8"?>
<!-- Generated by org.testng.reporters.JUnitReportReporter -->
<testsuite skipped="0" hostname="Unni-PC" name="com.akBanking.testCases.TC_AddCustomertest_003" tests="1" failures="0" timestamp="28 Jan 2022 15:47:09 GMT" time="19.545" errors="0">
  <testcase name="addNewCustomer" time="19.545" classname="com.akBanking.testCases.TC_AddCustomertest_003"/>
</testsuite> <!-- com.akBanking.testCases.TC_AddCustomertest_003 -->
