<?xml version="1.0" encoding="UTF-8"?>
<!-- Generated by org.testng.reporters.JUnitReportReporter -->
<testsuite skipped="0" hostname="Unni-PC" name="com.akBanking.testCases.TC_Logintest_001" tests="1" failures="0" timestamp="28 Jan 2022 15:47:09 GMT" time="11.742" errors="0">
  <testcase name="loginTest" time="11.742" classname="com.akBanking.testCases.TC_Logintest_001"/>
</testsuite> <!-- com.akBanking.testCases.TC_Logintest_001 -->
